0 info it worked if it ends with ok
1 verbose cli [ 'C:\\Program Files\\nodejs\\node.exe',
1 verbose cli   'C:\\Users\\Jim\\AppData\\Roaming\\npm\\node_modules\\npm\\bin\\npm-cli.js',
1 verbose cli   'start' ]
2 info using npm@4.0.3
3 info using node@v4.1.1
4 verbose run-script [ 'prestart', 'start', 'poststart' ]
5 info lifecycle leads@0.0.0~prestart: leads@0.0.0
6 silly lifecycle leads@0.0.0~prestart: no script for prestart, continuing
7 info lifecycle leads@0.0.0~start: leads@0.0.0
8 verbose lifecycle leads@0.0.0~start: unsafe-perm in lifecycle true
9 verbose lifecycle leads@0.0.0~start: PATH: C:\Users\Jim\AppData\Roaming\npm\node_modules\npm\bin\node-gyp-bin;C:\Users\Jim\leads\node_modules\.bin;C:\ProgramData\Oracle\Java\javapath;C:\Program Files\CollabNet\Subversion Client;c:\Program Files (x86)\Intel\iCLS Client\;c:\Program Files\Intel\iCLS Client\;C:\Windows\system32;C:\Windows;C:\Windows\System32\Wbem;C:\Windows\System32\WindowsPowerShell\v1.0\;c:\Program Files (x86)\Hewlett-Packard\HP Performance Advisor;C:\Program Files\Intel\Intel(R) Management Engine Components\DAL;C:\Program Files\Intel\Intel(R) Management Engine Components\IPT;C:\Program Files (x86)\Intel\Intel(R) Management Engine Components\DAL;C:\Program Files (x86)\Intel\Intel(R) Management Engine Components\IPT;C:\Program Files\TortoiseSVN\bin;C:\Program Files (x86)\Microsoft SQL Server\100\Tools\Binn\;C:\Program Files\Microsoft SQL Server\100\Tools\Binn\;C:\Program Files\Microsoft SQL Server\100\DTS\Binn\;C:\Program Files\Microsoft SQL Server\110\Tools\Binn\;C:\Program Files\Amazon\AWSCLI\;C:\Program Files\nodejs\;C:\Program Files (x86)\Heroku\bin;C:\Program Files (x86)\git\cmd;C:\Program Files (x86)\Skype\Phone\;C:\Users\Jim\AppData\Roaming\npm
10 verbose lifecycle leads@0.0.0~start: CWD: C:\Users\Jim\leads
11 silly lifecycle leads@0.0.0~start: Args: [ '/d /s /c', 'node ./bin/www' ]
12 silly lifecycle leads@0.0.0~start: Returned: code: 3221225786  signal: null
13 info lifecycle leads@0.0.0~start: Failed to exec start script
14 verbose stack Error: leads@0.0.0 start: `node ./bin/www`
14 verbose stack Exit status 3221225786
14 verbose stack     at EventEmitter.<anonymous> (C:\Users\Jim\AppData\Roaming\npm\node_modules\npm\lib\utils\lifecycle.js:279:16)
14 verbose stack     at emitTwo (events.js:87:13)
14 verbose stack     at EventEmitter.emit (events.js:172:7)
14 verbose stack     at ChildProcess.<anonymous> (C:\Users\Jim\AppData\Roaming\npm\node_modules\npm\lib\utils\spawn.js:40:14)
14 verbose stack     at emitTwo (events.js:87:13)
14 verbose stack     at ChildProcess.emit (events.js:172:7)
14 verbose stack     at maybeClose (internal/child_process.js:817:16)
14 verbose stack     at Process.ChildProcess._handle.onexit (internal/child_process.js:211:5)
15 verbose pkgid leads@0.0.0
16 verbose cwd C:\Users\Jim\leads
17 error Windows_NT 6.1.7601
18 error argv "C:\\Program Files\\nodejs\\node.exe" "C:\\Users\\Jim\\AppData\\Roaming\\npm\\node_modules\\npm\\bin\\npm-cli.js" "start"
19 error node v4.1.1
20 error npm  v4.0.3
21 error code ELIFECYCLE
22 error leads@0.0.0 start: `node ./bin/www`
22 error Exit status 3221225786
23 error Failed at the leads@0.0.0 start script 'node ./bin/www'.
23 error Make sure you have the latest version of node.js and npm installed.
23 error If you do, this is most likely a problem with the leads package,
23 error not with npm itself.
23 error Tell the author that this fails on your system:
23 error     node ./bin/www
23 error You can get information on how to open an issue for this project with:
23 error     npm bugs leads
23 error Or if that isn't available, you can get their info via:
23 error     npm owner ls leads
23 error There is likely additional logging output above.
24 verbose exit [ 1, true ]
