0 info it worked if it ends with ok
1 verbose cli [ 'C:\\Program Files\\nodejs\\node.exe',
1 verbose cli   'C:\\Users\\Jim\\AppData\\Roaming\\npm\\node_modules\\npm\\bin\\npm-cli.js',
1 verbose cli   'test' ]
2 info using npm@4.0.3
3 info using node@v4.1.1
4 verbose run-script [ 'pretest', 'test', 'posttest' ]
5 info lifecycle angular-seed@0.0.0~pretest: angular-seed@0.0.0
6 verbose lifecycle angular-seed@0.0.0~pretest: unsafe-perm in lifecycle true
7 verbose lifecycle angular-seed@0.0.0~pretest: PATH: C:\Users\Jim\AppData\Roaming\npm\node_modules\npm\bin\node-gyp-bin;C:\Users\Jim\leads\public\node_modules\.bin;C:\ProgramData\Oracle\Java\javapath;C:\Program Files\CollabNet\Subversion Client;c:\Program Files (x86)\Intel\iCLS Client\;c:\Program Files\Intel\iCLS Client\;C:\Windows\system32;C:\Windows;C:\Windows\System32\Wbem;C:\Windows\System32\WindowsPowerShell\v1.0\;c:\Program Files (x86)\Hewlett-Packard\HP Performance Advisor;C:\Program Files\Intel\Intel(R) Management Engine Components\DAL;C:\Program Files\Intel\Intel(R) Management Engine Components\IPT;C:\Program Files (x86)\Intel\Intel(R) Management Engine Components\DAL;C:\Program Files (x86)\Intel\Intel(R) Management Engine Components\IPT;C:\Program Files\TortoiseSVN\bin;C:\Program Files (x86)\Microsoft SQL Server\100\Tools\Binn\;C:\Program Files\Microsoft SQL Server\100\Tools\Binn\;C:\Program Files\Microsoft SQL Server\100\DTS\Binn\;C:\Program Files\Microsoft SQL Server\110\Tools\Binn\;C:\Program Files\Amazon\AWSCLI\;C:\Program Files\nodejs\;C:\Program Files (x86)\Heroku\bin;C:\Program Files (x86)\git\cmd;C:\Program Files (x86)\Skype\Phone\;C:\Users\Jim\AppData\Roaming\npm
8 verbose lifecycle angular-seed@0.0.0~pretest: CWD: C:\Users\Jim\leads\public
9 silly lifecycle angular-seed@0.0.0~pretest: Args: [ '/d /s /c', 'npm install' ]
10 silly lifecycle angular-seed@0.0.0~pretest: Returned: code: 0  signal: null
11 info lifecycle angular-seed@0.0.0~test: angular-seed@0.0.0
12 verbose lifecycle angular-seed@0.0.0~test: unsafe-perm in lifecycle true
13 verbose lifecycle angular-seed@0.0.0~test: PATH: C:\Users\Jim\AppData\Roaming\npm\node_modules\npm\bin\node-gyp-bin;C:\Users\Jim\leads\public\node_modules\.bin;C:\ProgramData\Oracle\Java\javapath;C:\Program Files\CollabNet\Subversion Client;c:\Program Files (x86)\Intel\iCLS Client\;c:\Program Files\Intel\iCLS Client\;C:\Windows\system32;C:\Windows;C:\Windows\System32\Wbem;C:\Windows\System32\WindowsPowerShell\v1.0\;c:\Program Files (x86)\Hewlett-Packard\HP Performance Advisor;C:\Program Files\Intel\Intel(R) Management Engine Components\DAL;C:\Program Files\Intel\Intel(R) Management Engine Components\IPT;C:\Program Files (x86)\Intel\Intel(R) Management Engine Components\DAL;C:\Program Files (x86)\Intel\Intel(R) Management Engine Components\IPT;C:\Program Files\TortoiseSVN\bin;C:\Program Files (x86)\Microsoft SQL Server\100\Tools\Binn\;C:\Program Files\Microsoft SQL Server\100\Tools\Binn\;C:\Program Files\Microsoft SQL Server\100\DTS\Binn\;C:\Program Files\Microsoft SQL Server\110\Tools\Binn\;C:\Program Files\Amazon\AWSCLI\;C:\Program Files\nodejs\;C:\Program Files (x86)\Heroku\bin;C:\Program Files (x86)\git\cmd;C:\Program Files (x86)\Skype\Phone\;C:\Users\Jim\AppData\Roaming\npm
14 verbose lifecycle angular-seed@0.0.0~test: CWD: C:\Users\Jim\leads\public
15 silly lifecycle angular-seed@0.0.0~test: Args: [ '/d /s /c', 'karma start karma.conf.js' ]
16 verbose stack Error: kill ENOSYS
16 verbose stack     at exports._errnoException (util.js:837:11)
16 verbose stack     at process.kill (node.js:764:15)
16 verbose stack     at process.listener (C:\Users\Jim\AppData\Roaming\npm\node_modules\npm\node_modules\npmlog\node_modules\gauge\node_modules\signal-exit\index.js:86:15)
16 verbose stack     at emitNone (events.js:72:20)
16 verbose stack     at process.emit (events.js:166:7)
16 verbose stack     at processEmit (C:\Users\Jim\AppData\Roaming\npm\node_modules\npm\node_modules\npmlog\node_modules\gauge\node_modules\signal-exit\index.js:146:32)
16 verbose stack     at processEmit (C:\Users\Jim\AppData\Roaming\npm\node_modules\npm\node_modules\npm-registry-client\node_modules\npmlog\node_modules\gauge\node_modules\signal-exit\index.js:146:32)
16 verbose stack     at Signal.wrap.onsignal (node.js:790:46)
17 verbose cwd C:\Users\Jim\leads\public
18 error Windows_NT 6.1.7601
19 error argv "C:\\Program Files\\nodejs\\node.exe" "C:\\Users\\Jim\\AppData\\Roaming\\npm\\node_modules\\npm\\bin\\npm-cli.js" "test"
20 error node v4.1.1
21 error npm  v4.0.3
22 error code ENOSYS
23 error errno ENOSYS
24 error syscall kill
25 error kill ENOSYS
26 error If you need help, you may report this error at:
26 error     <https://github.com/npm/npm/issues>
27 verbose exit [ 1, true ]
